TN:
SF:src\components\AddressCart.tsx
FN:7,AddressCart
FN:10,(anonymous_1)
FN:14,(anonymous_2)
FN:31,(anonymous_3)
FNF:4
FNH:2
FNDA:5,AddressCart
FNDA:5,(anonymous_1)
FNDA:0,(anonymous_2)
FNDA:0,(anonymous_3)
DA:1,1
DA:8,5
DA:10,5
DA:11,5
DA:14,5
DA:15,0
DA:18,5
DA:31,0
DA:123,1
LF:9
LH:7
BRDA:38,0,0,5
BRDA:38,0,1,4
BRF:2
BRH:2
end_of_record
TN:
SF:src\components\BookCard.tsx
FN:20,BookCard
FNF:1
FNH:1
FNDA:5,BookCard
DA:1,1
DA:2,1
DA:21,5
DA:47,1
LF:4
LH:4
BRF:0
BRH:0
end_of_record
TN:
SF:src\components\BooksContainer.tsx
FN:22,BooksContainer
FN:24,(anonymous_2)
FN:30,(anonymous_3)
FN:33,(anonymous_4)
FN:39,(anonymous_5)
FN:43,(anonymous_6)
FN:53,(anonymous_7)
FN:58,(anonymous_8)
FN:71,(anonymous_9)
FN:73,(anonymous_10)
FN:75,(anonymous_11)
FN:81,(anonymous_12)
FN:92,(anonymous_13)
FN:96,(anonymous_14)
FN:97,(anonymous_15)
FN:143,(anonymous_16)
FNF:16
FNH:11
FNDA:6,BooksContainer
FNDA:4,(anonymous_2)
FNDA:14,(anonymous_3)
FNDA:4,(anonymous_4)
FNDA:4,(anonymous_5)
FNDA:4,(anonymous_6)
FNDA:6,(anonymous_7)
FNDA:2,(anonymous_8)
FNDA:0,(anonymous_9)
FNDA:0,(anonymous_10)
FNDA:0,(anonymous_11)
FNDA:0,(anonymous_12)
FNDA:0,(anonymous_13)
FNDA:4,(anonymous_14)
FNDA:48,(anonymous_15)
FNDA:3,(anonymous_16)
DA:1,1
DA:2,1
DA:3,1
DA:4,1
DA:5,1
DA:6,1
DA:7,1
DA:8,1
DA:9,1
DA:10,1
DA:11,1
DA:12,1
DA:13,1
DA:14,1
DA:15,1
DA:17,1
DA:18,1
DA:20,1
DA:23,6
DA:24,6
DA:25,4
DA:27,6
DA:29,6
DA:30,14
DA:31,6
DA:33,6
DA:34,4
DA:35,2
DA:39,6
DA:40,4
DA:43,6
DA:44,4
DA:47,6
DA:53,6
DA:54,6
DA:56,6
DA:57,1
DA:58,1
DA:59,2
DA:60,2
DA:61,2
DA:63,2
DA:69,6
DA:71,0
DA:73,0
DA:75,0
DA:77,6
DA:81,6
DA:82,0
DA:83,0
DA:86,6
DA:87,6
DA:88,6
DA:89,6
DA:90,6
DA:92,6
DA:93,0
DA:96,6
DA:97,4
DA:98,48
DA:102,6
DA:144,3
DA:172,1
LF:63
LH:57
BRDA:25,0,0,4
BRDA:25,0,1,4
BRDA:34,1,0,2
BRDA:56,2,0,1
BRDA:59,3,0,2
BRDA:59,3,1,0
BRDA:59,3,2,0
BRDA:60,4,0,2
BRDA:60,4,1,0
BRDA:61,5,0,2
BRDA:61,5,1,0
BRDA:63,6,0,2
BRDA:63,6,1,1
BRDA:63,6,2,1
BRDA:69,7,0,0
BRDA:69,7,1,0
BRDA:69,7,2,0
BRDA:69,7,3,6
BRDA:71,8,0,0
BRDA:71,8,1,0
BRDA:71,9,0,0
BRDA:71,9,1,0
BRDA:73,10,0,0
BRDA:73,10,1,0
BRDA:73,11,0,0
BRDA:73,11,1,0
BRDA:75,12,0,0
BRDA:75,12,1,0
BRDA:75,13,0,0
BRDA:75,13,1,0
BRDA:86,14,0,6
BRDA:86,14,1,2
BRDA:89,15,0,2
BRDA:89,15,1,4
BRDA:90,16,0,2
BRDA:90,16,1,4
BRDA:109,17,0,2
BRDA:109,17,1,4
BRDA:110,18,0,1
BRDA:110,18,1,1
BRDA:134,19,0,6
BRDA:134,19,1,2
BRDA:134,19,2,1
BRDA:134,19,3,0
BRDA:141,20,0,4
BRDA:141,20,1,2
BRDA:149,21,0,3
BRDA:149,21,1,0
BRDA:150,22,0,3
BRDA:150,22,1,0
BRDA:151,23,0,3
BRDA:151,23,1,0
BRDA:152,24,0,3
BRDA:152,24,1,0
BRDA:145,25,0,3
BRDA:145,25,1,0
BRF:56
BRH:31
end_of_record
TN:
SF:src\components\CartCounter.tsx
FN:12,CartCounter
FN:17,(anonymous_1)
FN:30,(anonymous_2)
FNF:3
FNH:3
FNDA:3,CartCounter
FNDA:1,(anonymous_1)
FNDA:1,(anonymous_2)
DA:1,1
DA:2,1
DA:3,1
DA:4,1
DA:5,1
DA:13,3
DA:14,3
DA:15,3
DA:17,3
DA:18,1
DA:19,1
DA:20,1
DA:21,0
DA:22,0
DA:23,0
DA:25,1
DA:26,1
DA:30,3
DA:31,1
DA:32,1
DA:33,1
DA:34,1
DA:35,0
DA:36,0
DA:37,0
DA:39,1
DA:40,1
DA:43,0
DA:47,3
DA:68,1
LF:30
LH:23
BRDA:31,0,0,1
BRDA:31,0,1,0
BRF:2
BRH:1
end_of_record
TN:
SF:src\components\FeedbackBookPage.tsx
FN:6,FeedbackBookPage
FN:36,(anonymous_1)
FN:40,(anonymous_2)
FN:47,(anonymous_3)
FN:48,(anonymous_4)
FN:62,(anonymous_5)
FN:65,(anonymous_6)
FN:84,(anonymous_7)
FN:89,(anonymous_8)
FN:90,(anonymous_9)
FN:91,(anonymous_10)
FN:101,(anonymous_11)
FN:113,(anonymous_12)
FN:125,(anonymous_13)
FNF:14
FNH:11
FNDA:5,FeedbackBookPage
FNDA:3,(anonymous_1)
FNDA:6,(anonymous_2)
FNDA:2,(anonymous_3)
FNDA:2,(anonymous_4)
FNDA:1,(anonymous_5)
FNDA:1,(anonymous_6)
FNDA:25,(anonymous_7)
FNDA:0,(anonymous_8)
FNDA:0,(anonymous_9)
FNDA:0,(anonymous_10)
FNDA:1,(anonymous_11)
FNDA:3,(anonymous_12)
FNDA:15,(anonymous_13)
DA:1,1
DA:2,1
DA:3,1
DA:4,1
DA:7,5
DA:8,5
DA:9,5
DA:10,5
DA:11,5
DA:36,5
DA:37,3
DA:40,6
DA:47,5
DA:48,2
DA:49,2
DA:50,2
DA:52,2
DA:53,2
DA:55,0
DA:59,2
DA:62,5
DA:63,1
DA:64,1
DA:65,1
DA:67,1
DA:68,1
DA:71,0
DA:74,5
DA:85,25
DA:89,0
DA:90,0
DA:91,0
DA:101,1
DA:114,3
DA:126,15
DA:144,1
LF:36
LH:31
BRDA:37,0,0,3
BRDA:37,0,1,0
BRDA:43,1,0,0
BRDA:43,1,1,0
BRDA:50,2,0,0
BRDA:87,3,0,0
BRDA:87,3,1,25
BRDA:87,4,0,25
BRDA:87,4,1,25
BRDA:128,5,0,13
BRDA:128,5,1,2
BRF:11
BRH:6
end_of_record
TN:
SF:src\components\Footer.tsx
FN:1,Footer
FNF:1
FNH:1
FNDA:2,Footer
DA:2,2
DA:11,1
LF:2
LH:2
BRF:0
BRH:0
end_of_record
TN:
SF:src\components\MyOrderContainer.tsx
FN:4,MyOrderContainer
FN:22,(anonymous_2)
FNF:2
FNH:2
FNDA:3,MyOrderContainer
FNDA:21,(anonymous_2)
DA:1,1
DA:2,1
DA:5,3
DA:23,21
DA:48,1
LF:5
LH:5
BRF:0
BRH:0
end_of_record
TN:
SF:src\components\Navbar.tsx
FN:9,Navbar
FN:13,(anonymous_2)
FN:33,(anonymous_3)
FN:45,(anonymous_4)
FN:54,(anonymous_5)
FN:72,(anonymous_6)
FNF:6
FNH:6
FNDA:9,Navbar
FNDA:18,(anonymous_2)
FNDA:1,(anonymous_3)
FNDA:1,(anonymous_4)
FNDA:1,(anonymous_5)
FNDA:1,(anonymous_6)
DA:1,2
DA:2,2
DA:3,2
DA:4,2
DA:5,2
DA:6,2
DA:10,9
DA:11,9
DA:12,9
DA:13,18
DA:16,9
DA:33,1
DA:45,1
DA:55,1
DA:56,1
DA:72,1
DA:120,2
LF:17
LH:17
BRDA:51,0,0,9
BRDA:51,0,1,1
BRDA:55,1,0,1
BRDA:55,1,1,0
BRDA:56,2,0,1
BRDA:56,2,1,0
BRF:6
BRH:4
end_of_record
TN:
SF:src\components\OrderConfirmContainer.tsx
FN:4,OrderConfirmContainer
FN:6,getRandomSixDigit
FNF:2
FNH:2
FNDA:4,OrderConfirmContainer
FNDA:4,getRandomSixDigit
DA:1,1
DA:2,1
DA:5,4
DA:7,4
DA:10,4
DA:12,4
DA:63,1
LF:7
LH:7
BRF:0
BRH:0
end_of_record
TN:
SF:src\components\OrderSummary.tsx
FN:17,OrderSummary
FN:20,(anonymous_2)
FN:23,(anonymous_3)
FN:30,(anonymous_4)
FN:45,(anonymous_5)
FN:55,(anonymous_6)
FN:56,(anonymous_7)
FN:74,(anonymous_8)
FNF:8
FNH:7
FNDA:3,OrderSummary
FNDA:5,(anonymous_2)
FNDA:4,(anonymous_3)
FNDA:1,(anonymous_4)
FNDA:0,(anonymous_5)
FNDA:3,(anonymous_6)
FNDA:4,(anonymous_7)
FNDA:4,(anonymous_8)
DA:1,1
DA:3,1
DA:4,1
DA:5,1
DA:6,1
DA:7,1
DA:8,1
DA:9,1
DA:10,1
DA:11,1
DA:12,1
DA:13,1
DA:14,1
DA:15,1
DA:18,3
DA:19,3
DA:20,5
DA:23,4
DA:30,3
DA:31,1
DA:32,1
DA:33,1
DA:34,1
DA:35,1
DA:38,0
DA:39,0
DA:43,3
DA:45,3
DA:46,0
DA:49,3
DA:55,3
DA:56,4
DA:59,3
DA:75,4
DA:131,1
LF:35
LH:32
BRDA:33,0,0,1
BRDA:33,1,0,1
BRDA:33,1,1,0
BRDA:70,2,0,3
BRDA:70,2,1,3
BRDA:99,3,0,3
BRDA:99,3,1,3
BRDA:117,4,0,3
BRDA:117,4,1,0
BRF:9
BRH:7
end_of_record
TN:
SF:src\components\WishlistContainer.tsx
FN:15,WishlistContainer
FN:26,(anonymous_2)
FN:27,(anonymous_3)
FN:39,(anonymous_4)
FN:42,(anonymous_5)
FN:43,(anonymous_6)
FN:72,(anonymous_7)
FN:79,(anonymous_8)
FN:92,(anonymous_9)
FNF:9
FNH:9
FNDA:12,WishlistContainer
FNDA:6,(anonymous_2)
FNDA:6,(anonymous_3)
FNDA:1,(anonymous_4)
FNDA:1,(anonymous_5)
FNDA:2,(anonymous_6)
FNDA:2,(anonymous_7)
FNDA:9,(anonymous_8)
FNDA:1,(anonymous_9)
DA:1,1
DA:2,1
DA:3,1
DA:4,1
DA:5,1
DA:6,1
DA:7,1
DA:8,1
DA:9,1
DA:10,1
DA:11,1
DA:12,1
DA:13,1
DA:16,12
DA:18,12
DA:20,12
DA:26,12
DA:27,6
DA:28,6
DA:29,6
DA:30,5
DA:32,1
DA:36,6
DA:39,12
DA:40,1
DA:41,1
DA:42,1
DA:43,2
DA:45,1
DA:47,0
DA:51,12
DA:72,2
DA:80,9
DA:92,1
DA:107,1
LF:35
LH:34
BRDA:77,0,0,12
BRDA:77,0,1,11
BRF:2
BRH:2
end_of_record
TN:
SF:src\pages\BookPage.tsx
FN:5,BookPage
FNF:1
FNH:1
FNDA:1,BookPage
DA:1,1
DA:2,1
DA:3,1
DA:6,1
DA:15,1
LF:5
LH:5
BRF:0
BRH:0
end_of_record
TN:
SF:src\pages\MyCartPage.tsx
FN:8,MyCartPage
FNF:1
FNH:1
FNDA:3,MyCartPage
DA:1,1
DA:2,1
DA:3,1
DA:4,1
DA:5,1
DA:6,1
DA:9,3
DA:11,3
DA:22,1
LF:9
LH:9
BRF:0
BRH:0
end_of_record
TN:
SF:src\pages\OrderConfirmPage.tsx
FN:5,OrderConfirmPage
FNF:1
FNH:1
FNDA:1,OrderConfirmPage
DA:1,1
DA:2,1
DA:3,1
DA:6,1
DA:15,1
LF:5
LH:5
BRF:0
BRH:0
end_of_record
TN:
SF:src\pages\PleaseLoginPage.tsx
FN:5,PleaseLoginPage
FNF:1
FNH:1
FNDA:3,PleaseLoginPage
DA:1,1
DA:2,1
DA:3,1
DA:6,3
DA:23,1
LF:5
LH:5
BRF:0
BRH:0
end_of_record
TN:
SF:src\pages\Profile.tsx
FN:27,Profile
FN:35,(anonymous_2)
FN:37,(anonymous_3)
FN:43,(anonymous_4)
FN:47,(anonymous_5)
FN:52,(anonymous_6)
FN:53,(anonymous_7)
FN:59,(anonymous_8)
FN:61,(anonymous_9)
FN:62,(anonymous_10)
FN:68,(anonymous_11)
FN:95,(anonymous_12)
FN:105,(anonymous_13)
FN:183,(anonymous_14)
FN:196,(anonymous_15)
FN:204,(anonymous_16)
FN:214,(anonymous_17)
FN:230,(anonymous_18)
FN:249,(anonymous_19)
FN:268,(anonymous_20)
FN:281,(anonymous_21)
FN:284,(anonymous_22)
FNF:22
FNH:18
FNDA:25,Profile
FNDA:1,(anonymous_2)
FNDA:1,(anonymous_3)
FNDA:1,(anonymous_4)
FNDA:1,(anonymous_5)
FNDA:1,(anonymous_6)
FNDA:2,(anonymous_7)
FNDA:1,(anonymous_8)
FNDA:1,(anonymous_9)
FNDA:2,(anonymous_10)
FNDA:0,(anonymous_11)
FNDA:2,(anonymous_12)
FNDA:3,(anonymous_13)
FNDA:2,(anonymous_14)
FNDA:48,(anonymous_15)
FNDA:3,(anonymous_16)
FNDA:0,(anonymous_17)
FNDA:1,(anonymous_18)
FNDA:0,(anonymous_19)
FNDA:0,(anonymous_20)
FNDA:144,(anonymous_21)
FNDA:1,(anonymous_22)
DA:1,2
DA:2,2
DA:3,2
DA:5,2
DA:12,2
DA:28,25
DA:29,25
DA:30,25
DA:31,25
DA:32,25
DA:33,25
DA:35,25
DA:36,1
DA:37,1
DA:43,25
DA:44,1
DA:47,25
DA:51,1
DA:52,1
DA:53,1
DA:54,2
DA:59,25
DA:60,1
DA:61,1
DA:62,1
DA:63,2
DA:68,25
DA:69,0
DA:70,0
DA:73,25
DA:95,2
DA:105,3
DA:183,2
DA:197,48
DA:205,3
DA:214,0
DA:230,1
DA:249,0
DA:268,0
DA:282,144
DA:284,1
DA:310,2
LF:42
LH:37
BRDA:54,0,0,1
BRDA:54,0,1,1
BRDA:63,1,0,1
BRDA:63,1,1,1
BRDA:98,2,0,24
BRDA:98,2,1,1
BRDA:101,3,0,25
BRDA:101,3,1,24
BRDA:108,4,0,4
BRDA:108,4,1,20
BRDA:110,5,0,24
BRDA:110,5,1,4
BRDA:129,6,0,20
BRDA:129,6,1,4
BRDA:143,7,0,20
BRDA:143,7,1,4
BRDA:157,8,0,20
BRDA:157,8,1,4
BRDA:171,9,0,20
BRDA:171,9,1,4
BRDA:186,10,0,24
BRDA:186,10,1,1
BRDA:189,11,0,25
BRDA:189,11,1,24
BRDA:205,12,0,0
BRDA:205,12,1,3
BRDA:209,13,0,5
BRDA:209,13,1,43
BRDA:212,14,0,48
BRDA:212,14,1,5
BRDA:234,15,0,43
BRDA:234,15,1,5
BRDA:254,16,0,43
BRDA:254,16,1,5
BRDA:273,17,0,43
BRDA:273,17,1,5
BRF:36
BRH:35
end_of_record
TN:
SF:src\pages\WishlistPage.tsx
FN:5,WishlistPage
FNF:1
FNH:1
FNDA:1,WishlistPage
DA:1,1
DA:2,1
DA:3,1
DA:6,1
DA:15,1
LF:5
LH:5
BRF:0
BRH:0
end_of_record
TN:
SF:src\redux\bookSlice.ts
FN:24,(anonymous_0)
FN:39,(anonymous_1)
FN:41,(anonymous_2)
FN:44,(anonymous_3)
FN:48,(anonymous_4)
FNF:5
FNH:1
FNDA:0,(anonymous_0)
FNDA:3,(anonymous_1)
FNDA:0,(anonymous_2)
FNDA:0,(anonymous_3)
FNDA:0,(anonymous_4)
DA:1,4
DA:2,4
DA:24,4
DA:25,0
DA:26,0
DA:29,4
DA:35,4
DA:40,3
DA:42,0
DA:45,0
DA:46,0
DA:49,0
DA:50,0
DA:55,4
LF:14
LH:7
BRDA:50,0,0,0
BRDA:50,0,1,0
BRF:2
BRH:0
end_of_record
TN:
SF:src\redux\cartSlice.ts
FN:42,(anonymous_0)
FN:43,(anonymous_1)
FN:45,(anonymous_2)
FN:57,(anonymous_3)
FN:65,(anonymous_4)
FN:82,(anonymous_5)
FN:89,(anonymous_6)
FN:127,(anonymous_7)
FN:132,(anonymous_8)
FN:141,(anonymous_9)
FN:143,(anonymous_10)
FN:148,(anonymous_11)
FN:155,(anonymous_12)
FN:160,(anonymous_13)
FN:165,(anonymous_14)
FN:168,(anonymous_15)
FN:174,(anonymous_16)
FNF:17
FNH:15
FNDA:12,(anonymous_0)
FNDA:7,(anonymous_1)
FNDA:4,(anonymous_2)
FNDA:2,(anonymous_3)
FNDA:2,(anonymous_4)
FNDA:6,(anonymous_5)
FNDA:1,(anonymous_6)
FNDA:1,(anonymous_7)
FNDA:1,(anonymous_8)
FNDA:4,(anonymous_9)
FNDA:2,(anonymous_10)
FNDA:0,(anonymous_11)
FNDA:1,(anonymous_12)
FNDA:2,(anonymous_13)
FNDA:1,(anonymous_14)
FNDA:1,(anonymous_15)
FNDA:0,(anonymous_16)
DA:1,4
DA:2,4
DA:3,4
DA:42,4
DA:43,12
DA:45,4
DA:46,4
DA:47,4
DA:55,4
DA:58,2
DA:59,0
DA:63,4
DA:66,2
DA:67,1
DA:68,1
DA:69,1
DA:71,0
DA:76,4
DA:78,4
DA:86,6
DA:88,6
DA:89,1
DA:92,6
DA:93,1
DA:95,1
DA:99,5
DA:115,5
DA:117,5
DA:122,6
DA:124,6
DA:131,1
DA:132,1
DA:134,1
DA:135,1
DA:136,1
DA:137,1
DA:142,4
DA:144,2
DA:149,0
DA:150,0
DA:151,0
DA:152,0
DA:156,1
DA:157,1
DA:161,2
DA:166,1
DA:167,1
DA:168,1
DA:170,1
DA:171,1
DA:175,0
DA:176,0
DA:182,4
DA:183,4
LF:54
LH:46
BRDA:46,0,0,4
BRDA:46,0,1,4
BRDA:67,1,0,1
BRDA:67,1,1,0
BRDA:92,2,0,1
BRDA:92,2,1,5
BRDA:134,3,0,1
BRDA:158,4,0,1
BRDA:158,4,1,0
BRDA:177,5,0,0
BRDA:177,5,1,0
BRF:11
BRH:7
end_of_record
TN:
SF:src\redux\searchSlice.ts
FN:15,(anonymous_0)
FN:21,(anonymous_1)
FNF:2
FNH:2
FNDA:1,(anonymous_0)
FNDA:12,(anonymous_1)
DA:1,4
DA:7,4
DA:11,4
DA:16,1
DA:21,12
DA:22,4
DA:23,4
LF:7
LH:7
BRF:0
BRH:0
end_of_record
TN:
SF:src\redux\store.ts
FNF:0
FNH:0
DA:1,3
DA:2,3
DA:3,3
DA:4,3
DA:6,3
LF:5
LH:5
BRF:0
BRH:0
end_of_record
TN:
SF:src\utils\API.ts
FN:4,(anonymous_1)
FN:15,(anonymous_2)
FN:26,(anonymous_3)
FN:37,(anonymous_4)
FN:56,(anonymous_5)
FN:78,(anonymous_6)
FN:100,(anonymous_7)
FN:119,(anonymous_8)
FN:138,(anonymous_9)
FN:157,(anonymous_10)
FN:176,(anonymous_11)
FN:196,(anonymous_12)
FN:215,(anonymous_13)
FNF:13
FNH:0
FNDA:0,(anonymous_1)
FNDA:0,(anonymous_2)
FNDA:0,(anonymous_3)
FNDA:0,(anonymous_4)
FNDA:0,(anonymous_5)
FNDA:0,(anonymous_6)
FNDA:0,(anonymous_7)
FNDA:0,(anonymous_8)
FNDA:0,(anonymous_9)
FNDA:0,(anonymous_10)
FNDA:0,(anonymous_11)
FNDA:0,(anonymous_12)
FNDA:0,(anonymous_13)
DA:1,4
DA:2,4
DA:4,4
DA:5,0
DA:6,0
DA:7,0
DA:10,0
DA:11,0
DA:15,4
DA:16,0
DA:17,0
DA:18,0
DA:21,0
DA:22,0
DA:26,4
DA:27,0
DA:28,0
DA:29,0
DA:32,0
DA:33,0
DA:37,4
DA:38,0
DA:39,0
DA:40,0
DA:42,0
DA:48,0
DA:51,0
DA:52,0
DA:56,4
DA:57,0
DA:58,0
DA:59,0
DA:61,0
DA:71,0
DA:73,0
DA:74,0
DA:78,4
DA:79,0
DA:80,0
DA:81,0
DA:83,0
DA:93,0
DA:95,0
DA:96,0
DA:100,4
DA:101,0
DA:102,0
DA:103,0
DA:105,0
DA:112,0
DA:114,0
DA:115,0
DA:119,4
DA:120,0
DA:121,0
DA:122,0
DA:124,0
DA:131,0
DA:133,0
DA:134,0
DA:138,4
DA:139,0
DA:140,0
DA:141,0
DA:143,0
DA:150,0
DA:152,0
DA:153,0
DA:157,4
DA:158,0
DA:159,0
DA:160,0
DA:162,0
DA:169,0
DA:171,0
DA:172,0
DA:176,4
DA:177,0
DA:178,0
DA:179,0
DA:181,0
DA:189,0
DA:191,0
DA:192,0
DA:196,4
DA:197,0
DA:198,0
DA:199,0
DA:201,0
DA:208,0
DA:210,0
DA:211,0
DA:215,4
DA:221,0
DA:222,0
DA:223,0
DA:225,0
DA:232,0
DA:234,0
DA:235,0
LF:100
LH:15
BRDA:39,0,0,0
BRDA:39,0,1,0
BRDA:58,1,0,0
BRDA:58,1,1,0
BRDA:80,2,0,0
BRDA:80,2,1,0
BRDA:102,3,0,0
BRDA:102,3,1,0
BRDA:121,4,0,0
BRDA:121,4,1,0
BRDA:140,5,0,0
BRDA:140,5,1,0
BRDA:159,6,0,0
BRDA:159,6,1,0
BRDA:178,7,0,0
BRDA:178,7,1,0
BRDA:198,8,0,0
BRDA:198,8,1,0
BRDA:222,9,0,0
BRDA:222,9,1,0
BRF:20
BRH:0
end_of_record
